<?xml version="1.0" encoding="UTF-8"?>
<!-- Generated by org.testng.reporters.JUnitReportReporter -->
<testsuite skipped="0" hostname="SBMAC0385.local" name="com.crm.qa.testcases.LoginPageTest" tests="1" failures="0" timestamp="01 Mar 2019 09:35:44 GMT" time="14.992" errors="0">
  <testcase name="TCEloginTest" time="14.992" classname="com.crm.qa.testcases.LoginPageTest"/>
</testsuite> <!-- com.crm.qa.testcases.LoginPageTest -->
